<?xml version="1.0" encoding="UTF-8"?>
<!-- Generated by org.testng.reporters.JUnitReportReporter -->
<testsuite skipped="0" hostname="DESKTOP-SMG0APM" name="co.baa.testscript.test1" tests="1" failures="0" timestamp="2022-12-01T22:03:59 IST" time="0.012" errors="0">
  <testcase name="demo" time="0.012" classname="co.baa.testscript.test1"/>
  <system-out>
    <![CDATA[welcome report and console
report]]>
  </system-out>
</testsuite> <!-- co.baa.testscript.test1 -->
